<?xml version="1.0" encoding="UTF-8"?>
<!-- Generated by org.testng.reporters.JUnitReportReporter -->
<testsuite hostname="LAPTOP-1VA8U1QU" failures="0" tests="1" name="tests.LumaOrderTest" time="21.930" errors="0" timestamp="2024-04-13T20:50:50 AMT" skipped="0">
  <testcase classname="tests.LumaOrderTest" name="basicOrderTest" time="21.930"/>
</testsuite> <!-- tests.LumaOrderTest -->
